This is pdfTeX, Version 3.141592653-2.6-1.40.27 (MiKTeX 25.4) (preloaded format=pdflatex.fmt)
 restricted \write18 enabled.
entering extended mode
(relatorio.tex
LaTeX2e <2025-06-01>
L3 programming layer <2025-05-26>
(C:\Program Files\MiKTeX\tex/latex/base\article.cls
Document Class: article 2025/01/22 v1.4n Standard LaTeX document class
(C:\Program Files\MiKTeX\tex/latex/base\size12.clo))
(C:\Program Files\MiKTeX\tex/generic/babel\babel.sty
(C:\Program Files\MiKTeX\tex/generic/babel\txtbabel.def)
*************************************
* Local config file bblopts.cfg used
*
(C:\Program Files\MiKTeX\tex/latex/arabi\bblopts.cfg)
(C:\Program Files\MiKTeX\tex/latex/babel-portuges\portuguese.ldf
(C:\Program Files\MiKTeX\tex/generic/babel/locale/pt\babel-portuguese.tex)))
(C:\Program Files\MiKTeX\tex/latex/geometry\geometry.sty
(C:\Program Files\MiKTeX\tex/latex/graphics\keyval.sty)
(C:\Program Files\MiKTeX\tex/generic/iftex\ifvtex.sty
(C:\Program Files\MiKTeX\tex/generic/iftex\iftex.sty))
(C:\Program Files\MiKTeX\tex/latex/geometry\geometry.cfg))
(C:\Program Files\MiKTeX\tex/latex/graphics\graphicx.sty
(C:\Program Files\MiKTeX\tex/latex/graphics\graphics.sty
(C:\Program Files\MiKTeX\tex/latex/graphics\trig.sty)
(C:\Program Files\MiKTeX\tex/latex/graphics-cfg\graphics.cfg)
(C:\Program Files\MiKTeX\tex/latex/graphics-def\pdftex.def)))
(C:\Program Files\MiKTeX\tex/latex/amsmath\amsmath.sty
For additional information on amsmath, use the `?' option.
(C:\Program Files\MiKTeX\tex/latex/amsmath\amstext.sty
(C:\Program Files\MiKTeX\tex/latex/amsmath\amsgen.sty))
(C:\Program Files\MiKTeX\tex/latex/amsmath\amsbsy.sty)
(C:\Program Files\MiKTeX\tex/latex/amsmath\amsopn.sty))
(C:\Program Files\MiKTeX\tex/latex/amsfonts\amssymb.sty
(C:\Program Files\MiKTeX\tex/latex/amsfonts\amsfonts.sty))
(C:\Program Files\MiKTeX\tex/latex/float\float.sty)
(C:\Program Files\MiKTeX\tex/latex/hyperref\hyperref.sty
(C:\Program Files\MiKTeX\tex/latex/kvsetkeys\kvsetkeys.sty)
(C:\Program Files\MiKTeX\tex/generic/kvdefinekeys\kvdefinekeys.sty)
(C:\Program Files\MiKTeX\tex/generic/pdfescape\pdfescape.sty
(C:\Program Files\MiKTeX\tex/generic/ltxcmds\ltxcmds.sty)
(C:\Program Files\MiKTeX\tex/generic/pdftexcmds\pdftexcmds.sty
(C:\Program Files\MiKTeX\tex/generic/infwarerr\infwarerr.sty)))
(C:\Program Files\MiKTeX\tex/latex/hycolor\hycolor.sty)
(C:\Program Files\MiKTeX\tex/latex/hyperref\nameref.sty
(C:\Program Files\MiKTeX\tex/latex/refcount\refcount.sty)
(C:\Program Files\MiKTeX\tex/generic/gettitlestring\gettitlestring.sty
(C:\Program Files\MiKTeX\tex/latex/kvoptions\kvoptions.sty)))
(C:\Program Files\MiKTeX\tex/latex/etoolbox\etoolbox.sty)
(C:\Program Files\MiKTeX\tex/generic/stringenc\stringenc.sty)
(C:\Program Files\MiKTeX\tex/latex/hyperref\pd1enc.def)
(C:\Program Files\MiKTeX\tex/generic/intcalc\intcalc.sty)
(C:\Program Files\MiKTeX\tex/latex/hyperref\puenc.def)
(C:\Program Files\MiKTeX\tex/latex/url\url.sty)
(C:\Program Files\MiKTeX\tex/generic/bitset\bitset.sty
(C:\Program Files\MiKTeX\tex/generic/bigintcalc\bigintcalc.sty))
(C:\Program Files\MiKTeX\tex/latex/base\atbegshi-ltx.sty))
(C:\Program Files\MiKTeX\tex/latex/hyperref\hpdftex.def
(C:\Program Files\MiKTeX\tex/latex/rerunfilecheck\rerunfilecheck.sty
(C:\Program Files\MiKTeX\tex/latex/base\atveryend-ltx.sty)
(C:\Program Files\MiKTeX\tex/generic/uniquecounter\uniquecounter.sty)))
(C:\Program Files\MiKTeX\tex/latex/fancyhdr\fancyhdr.sty)
(C:\Program Files\MiKTeX\tex/latex/xcolor\xcolor.sty
(C:\Program Files\MiKTeX\tex/latex/graphics-cfg\color.cfg)
(C:\Program Files\MiKTeX\tex/latex/graphics\mathcolor.ltx))
(C:\Program Files\MiKTeX\tex/latex/psnfss\times.sty)
(C:\Program Files\MiKTeX\tex/latex/tools\indentfirst.sty)
(C:\Program Files\MiKTeX\tex/latex/booktabs\booktabs.sty)
(C:\Program Files\MiKTeX\tex/latex/ragged2e\ragged2e.sty)
(C:\Program Files\MiKTeX\tex/latex/psnfss\ot1ptm.fd)
(C:\Program Files\MiKTeX\tex/latex/l3backend\l3backend-pdftex.def)
(relatorio.aux)
*geometry* driver: auto-detecting
*geometry* detected driver: pdftex
(C:\Program Files\MiKTeX\tex/context/base/mkii\supp-pdf.mkii
[Loading MPS to PDF converter (version 2006.09.02).]
) (C:\Program Files\MiKTeX\tex/latex/epstopdf-pkg\epstopdf-base.sty
(C:\Program Files\MiKTeX\tex/latex/00miktex\epstopdf-sys.cfg)) (relatorio.out)
(relatorio.out)
[1{C:/Users/leona/AppData/Local/MiKTeX/fonts/map/pdftex/pdftex.map}{C:/Program 
Files/MiKTeX/fonts/enc/dvips/base/8r.enc}] (relatorio.toc
(C:\Program Files\MiKTeX\tex/latex/amsfonts\umsa.fd)
(C:\Program Files\MiKTeX\tex/latex/amsfonts\umsb.fd))
[2]
Overfull \hbox (22.38399pt too wide) in paragraph at lines 111--112
[]\OT1/ptm/m/n/12 O Te-o-rema Cen-tral do Li-mite pode ser enun-ci-ado for-mal-
mente como se-gue: Seja $\OML/cmm/m/it/12 X[]; X[]; [] ; X[]$

[3]
[4]
[5] (C:\Program Files\MiKTeX\tex/latex/psnfss\ts1ptm.fd)
(resultados/analise_1_assimetria.tex
[6])
[7 <./resultados/tarefa_1_populacao.png>]
[8 <./resultados/tarefa_1_medias_n5.png> <./resultados/tarefa_1_medias_n50.png>
] (resultados/analise_2_efeito_n.tex) (resultados/analise_3_validacao_ic.tex)
[9 <./resultados/tarefa_1_qqplot.png>]
[10 <./resultados/tarefa_2_cobertura.png> <./resultados/tarefa_2_sucessofalha.p
ng>]
Overfull \hbox (3.9046pt too wide) in paragraph at lines 305--306
[]\OT1/ptm/m/n/12 Quantitativamente, a redu[][]ao na as-si-me-tria de 0.8982 pa
ra 0.2901 re-pre-senta uma diminui[][]ao

[11]
Overfull \hbox (0.77042pt too wide) in paragraph at lines 331--332
\OT1/ptm/m/n/12 (0.9324) va-lida o uso de In-ter-va-los de Confian[]a ba-se-a-d
os na distribui[][]ao $\OML/cmm/m/it/12 t$ \OT1/ptm/m/n/12 mesmo quando

[12]
[13] (relatorio.aux) )
(see the transcript file for additional information)<C:/Program Files/MiKTeX/fo
nts/type1/public/amsfonts/cm/cmex10.pfb><C:/Program Files/MiKTeX/fonts/type1/pu
blic/amsfonts/cm/cmmi12.pfb><C:/Program Files/MiKTeX/fonts/type1/public/amsfont
s/cm/cmmi8.pfb><C:/Program Files/MiKTeX/fonts/type1/public/amsfonts/cm/cmr12.pf
b><C:/Program Files/MiKTeX/fonts/type1/public/amsfonts/cm/cmr6.pfb><C:/Program 
Files/MiKTeX/fonts/type1/public/amsfonts/cm/cmr8.pfb><C:/Program Files/MiKTeX/f
onts/type1/public/amsfonts/cm/cmsy10.pfb><C:/Program Files/MiKTeX/fonts/type1/p
ublic/amsfonts/cm/cmsy8.pfb><C:/Program Files/MiKTeX/fonts/type1/urw/times/utmb
8a.pfb><C:/Program Files/MiKTeX/fonts/type1/urw/times/utmr8a.pfb>
Output written on relatorio.pdf (13 pages, 826879 bytes).
Transcript written on relatorio.log.
