This is pdfTeX, Version 3.141592653-2.6-1.40.27 (MiKTeX 25.4) (preloaded format=pdflatex.fmt)
 restricted \write18 enabled.
entering extended mode
(relatorio.tex
LaTeX2e <2025-06-01> patch level 1
L3 programming layer <2025-06-09>
(C:\Users\leona\AppData\Local\Programs\MiKTeX\tex/latex/base\article.cls
Document Class: article 2025/01/22 v1.4n Standard LaTeX document class
(C:\Users\leona\AppData\Local\Programs\MiKTeX\tex/latex/base\size12.clo))
(C:\Users\leona\AppData\Local\Programs\MiKTeX\tex/latex/base\fontenc.sty)
(C:\Users\leona\AppData\Local\Programs\MiKTeX\tex/generic/babel\babel.sty
(C:\Users\leona\AppData\Local\Programs\MiKTeX\tex/generic/babel\txtbabel.def)
*************************************
* Local config file bblopts.cfg used
*
(C:\Users\leona\AppData\Local\Programs\MiKTeX\tex/latex/arabi\bblopts.cfg)
(C:\Users\leona\AppData\Local\Programs\MiKTeX\tex/latex/babel-portuges\brazilia
n.ldf
(C:\Users\leona\AppData\Local\Programs\MiKTeX\tex/generic/babel/locale/pt\babel
-brazilian.tex)))
(C:\Users\leona\AppData\Local\Programs\MiKTeX\tex/latex/geometry\geometry.sty
(C:\Users\leona\AppData\Local\Programs\MiKTeX\tex/latex/graphics\keyval.sty)
(C:\Users\leona\AppData\Local\Programs\MiKTeX\tex/generic/iftex\ifvtex.sty
(C:\Users\leona\AppData\Local\Programs\MiKTeX\tex/generic/iftex\iftex.sty))
(C:\Users\leona\AppData\Local\Programs\MiKTeX\tex/latex/geometry\geometry.cfg))
(C:\Users\leona\AppData\Local\Programs\MiKTeX\tex/latex/psnfss\times.sty)
(C:\Users\leona\AppData\Local\Programs\MiKTeX\tex/latex/amsmath\amsmath.sty
For additional information on amsmath, use the `?' option.
(C:\Users\leona\AppData\Local\Programs\MiKTeX\tex/latex/amsmath\amstext.sty
(C:\Users\leona\AppData\Local\Programs\MiKTeX\tex/latex/amsmath\amsgen.sty))
(C:\Users\leona\AppData\Local\Programs\MiKTeX\tex/latex/amsmath\amsbsy.sty)
(C:\Users\leona\AppData\Local\Programs\MiKTeX\tex/latex/amsmath\amsopn.sty))
(C:\Users\leona\AppData\Local\Programs\MiKTeX\tex/latex/amsfonts\amssymb.sty
(C:\Users\leona\AppData\Local\Programs\MiKTeX\tex/latex/amsfonts\amsfonts.sty))
 (C:\Users\leona\AppData\Local\Programs\MiKTeX\tex/latex/graphics\graphicx.sty
(C:\Users\leona\AppData\Local\Programs\MiKTeX\tex/latex/graphics\graphics.sty
(C:\Users\leona\AppData\Local\Programs\MiKTeX\tex/latex/graphics\trig.sty)
(C:\Users\leona\AppData\Local\Programs\MiKTeX\tex/latex/graphics-cfg\graphics.c
fg)
(C:\Users\leona\AppData\Local\Programs\MiKTeX\tex/latex/graphics-def\pdftex.def
)))
(C:\Users\leona\AppData\Local\Programs\MiKTeX\tex/latex/hyperref\hyperref.sty
(C:\Users\leona\AppData\Local\Programs\MiKTeX\tex/latex/kvsetkeys\kvsetkeys.sty
)
(C:\Users\leona\AppData\Local\Programs\MiKTeX\tex/generic/kvdefinekeys\kvdefine
keys.sty)
(C:\Users\leona\AppData\Local\Programs\MiKTeX\tex/generic/pdfescape\pdfescape.s
ty
(C:\Users\leona\AppData\Local\Programs\MiKTeX\tex/generic/ltxcmds\ltxcmds.sty)
(C:\Users\leona\AppData\Local\Programs\MiKTeX\tex/generic/pdftexcmds\pdftexcmds
.sty
(C:\Users\leona\AppData\Local\Programs\MiKTeX\tex/generic/infwarerr\infwarerr.s
ty)))
(C:\Users\leona\AppData\Local\Programs\MiKTeX\tex/latex/hycolor\hycolor.sty)
(C:\Users\leona\AppData\Local\Programs\MiKTeX\tex/latex/hyperref\nameref.sty
(C:\Users\leona\AppData\Local\Programs\MiKTeX\tex/latex/refcount\refcount.sty)
(C:\Users\leona\AppData\Local\Programs\MiKTeX\tex/generic/gettitlestring\gettit
lestring.sty
(C:\Users\leona\AppData\Local\Programs\MiKTeX\tex/latex/kvoptions\kvoptions.sty
)))
(C:\Users\leona\AppData\Local\Programs\MiKTeX\tex/latex/etoolbox\etoolbox.sty)
(C:\Users\leona\AppData\Local\Programs\MiKTeX\tex/generic/stringenc\stringenc.s
ty) (C:\Users\leona\AppData\Local\Programs\MiKTeX\tex/latex/hyperref\pd1enc.def
) (C:\Users\leona\AppData\Local\Programs\MiKTeX\tex/generic/intcalc\intcalc.sty
) (C:\Users\leona\AppData\Local\Programs\MiKTeX\tex/latex/hyperref\puenc.def)
(C:\Users\leona\AppData\Local\Programs\MiKTeX\tex/latex/url\url.sty)
(C:\Users\leona\AppData\Local\Programs\MiKTeX\tex/generic/bitset\bitset.sty
(C:\Users\leona\AppData\Local\Programs\MiKTeX\tex/generic/bigintcalc\bigintcalc
.sty)))
(C:\Users\leona\AppData\Local\Programs\MiKTeX\tex/latex/hyperref\hpdftex.def
(C:\Users\leona\AppData\Local\Programs\MiKTeX\tex/latex/rerunfilecheck\rerunfil
echeck.sty
(C:\Users\leona\AppData\Local\Programs\MiKTeX\tex/generic/uniquecounter\uniquec
ounter.sty)))
(C:\Users\leona\AppData\Local\Programs\MiKTeX\tex/latex/bookmark\bookmark.sty
(C:\Users\leona\AppData\Local\Programs\MiKTeX\tex/latex/bookmark\bkm-pdftex.def
))
(C:\Users\leona\AppData\Local\Programs\MiKTeX\tex/latex/setspace\setspace.sty)
(C:\Users\leona\AppData\Local\Programs\MiKTeX\tex/latex/tools\indentfirst.sty)
(C:\Users\leona\AppData\Local\Programs\MiKTeX\tex/latex/cite\cite.sty)
(C:\Users\leona\AppData\Local\Programs\MiKTeX\tex/latex/float\float.sty)
(C:\Users\leona\AppData\Local\Programs\MiKTeX\tex/latex/booktabs\booktabs.sty)
(C:\Users\leona\AppData\Local\Programs\MiKTeX\tex/latex/psnfss\t1ptm.fd)
(C:\Users\leona\AppData\Local\Programs\MiKTeX\tex/latex/l3backend\l3backend-pdf
tex.def)
No file relatorio.aux.
*geometry* driver: auto-detecting
*geometry* detected driver: pdftex

(C:\Users\leona\AppData\Local\Programs\MiKTeX\tex/context/base/mkii\supp-pdf.mk
ii
[Loading MPS to PDF converter (version 2006.09.02).]
)
(C:\Users\leona\AppData\Local\Programs\MiKTeX\tex/latex/epstopdf-pkg\epstopdf-b
ase.sty
(C:\Users\leona\AppData\Local\Programs\MiKTeX\tex/latex/00miktex\epstopdf-sys.c
fg)) (C:\Users\leona\AppData\Local\Programs\MiKTeX\tex/latex/graphics\color.sty
(C:\Users\leona\AppData\Local\Programs\MiKTeX\tex/latex/graphics-cfg\color.cfg)
(C:\Users\leona\AppData\Local\Programs\MiKTeX\tex/latex/graphics\mathcolor.ltx)
)
[1{C:/Users/leona/AppData/Local/MiKTeX/fonts/map/pdftex/pdftex.map}{C:/Users/le
ona/AppData/Local/Programs/MiKTeX/fonts/enc/dvips/base/8r.enc}]

pdfTeX warning (ext4): destination with the same identifier (name{page.1}) has 
been already used, duplicate ignored
<to be read again> 
                   \relax 
l.117 \newpage
               [1] (relatorio.toc
(C:\Users\leona\AppData\Local\Programs\MiKTeX\tex/latex/amsfonts\umsa.fd)
(C:\Users\leona\AppData\Local\Programs\MiKTeX\tex/latex/amsfonts\umsb.fd)
[2])
[3] (C:\Users\leona\AppData\Local\Programs\MiKTeX\tex/latex/psnfss\ts1ptm.fd)
[4]

LaTeX Warning: Citation `Devore2015' on page 5 undefined on input line 187.


LaTeX Warning: Citation `Devore2015' on page 5 undefined on input line 191.


LaTeX Warning: Citation `Montgomery2016' on page 5 undefined on input line 195.



[5]

LaTeX Warning: Citation `Devore2015' on page 6 undefined on input line 213.


LaTeX Warning: Citation `Montgomery2016' on page 6 undefined on input line 213.



LaTeX Warning: Citation `Devore2015' on page 6 undefined on input line 227.


LaTeX Warning: Citation `Montgomery2016' on page 6 undefined on input line 227.



[6]

LaTeX Warning: Citation `Montgomery2016' on page 7 undefined on input line 236.



LaTeX Warning: Citation `Devore2015' on page 7 undefined on input line 243.


LaTeX Warning: Citation `Devore2015' on page 7 undefined on input line 257.


LaTeX Warning: Citation `Devore2015' on page 7 undefined on input line 261.


LaTeX Warning: Citation `Montgomery2016' on page 7 undefined on input line 273.



[7]

LaTeX Warning: Citation `Devore2015' on page 8 undefined on input line 300.


LaTeX Warning: Citation `Montgomery2016' on page 8 undefined on input line 314.



[8]

LaTeX Warning: Citation `Devore2015' on page 9 undefined on input line 334.


LaTeX Warning: Citation `Montgomery2016' on page 9 undefined on input line 334.



LaTeX Warning: Citation `Montgomery2016' on page 9 undefined on input line 344.



LaTeX Warning: Citation `Montgomery2013' on page 9 undefined on input line 348.



LaTeX Warning: Citation `Montgomery2013' on page 9 undefined on input line 352.



[9]

LaTeX Warning: Citation `Montgomery2013' on page 10 undefined on input line 366
.


LaTeX Warning: Citation `Montgomery2016' on page 10 undefined on input line 366
.


LaTeX Warning: Citation `Montgomery2013' on page 10 undefined on input line 386
.


LaTeX Warning: Citation `Montgomery2013' on page 10 undefined on input line 408
.


[10]

LaTeX Warning: Citation `Montgomery2013' on page 11 undefined on input line 448
.


LaTeX Warning: Citation `Montgomery2016' on page 11 undefined on input line 448
.


[11]

LaTeX Warning: Citation `Montgomery2013' on page 12 undefined on input line 482
.


LaTeX Warning: Citation `Montgomery2013' on page 12 undefined on input line 494
.


[12]

LaTeX Warning: Citation `Montgomery2013' on page 13 undefined on input line 522
.


LaTeX Warning: Citation `Montgomery2016' on page 13 undefined on input line 522
.


LaTeX Warning: Citation `Montgomery2016' on page 13 undefined on input line 534
.


[13] (tabelas_latex/tab_01_Parametros_Analise.tex)
[14]
[15
pdfTeX warning (ext4): destination with the same identifier (name{table.1}) has
 been already used, duplicate ignored
<argument> ...shipout:D \box_use:N \l_shipout_box 
                                                  \__shipout_drop_firstpage_...
l.613     \item \textbf
                       {Pandas (2.0+)}: Manipulação e análise de dados ta...
]
[16]
[17
pdfTeX warning (ext4): destination with the same identifier (name{table.2}) has
 been already used, duplicate ignored
<argument> ...shipout:D \box_use:N \l_shipout_box 
                                                  \__shipout_drop_firstpage_...
l.728 
      ]
[18
pdfTeX warning (ext4): destination with the same identifier (name{table.3}) has
 been already used, duplicate ignored
<argument> ...shipout:D \box_use:N \l_shipout_box 
                                                  \__shipout_drop_firstpage_...
l.768 ...ponente 1: Configuração e Parâmetros}}
                                                  ]
[19
pdfTeX warning (ext4): destination with the same identifier (name{table.4}) has
 been already used, duplicate ignored
<argument> ...shipout:D \box_use:N \l_shipout_box 
                                                  \__shipout_drop_firstpage_...
l.828 \end{itemize}
                   ]
[20]
[21] (tabelas_latex/tab_02_Estatisticas_Descritivas_Gerais.tex)
(tabelas_latex/tab_03_TCL_Resumo_Comparativo.tex)
(tabelas_latex/tab_04_TCL_Validacao_10mil_simulacoes.tex)
[22
pdfTeX warning (ext4): destination with the same identifier (name{table.5}) has
 been already used, duplicate ignored
<argument> ...shipout:D \box_use:N \l_shipout_box 
                                                  \__shipout_drop_firstpage_...
l.905 \textbf{Componente 2 - Procedimento}
                                          :
pdfTeX warning (ext4): destination with the same identifier (name{table.6}) has
 been already used, duplicate ignored
<argument> ...shipout:D \box_use:N \l_shipout_box 
                                                  \__shipout_drop_firstpage_...
l.905 \textbf{Componente 2 - Procedimento}
                                          :
pdfTeX warning (ext4): destination with the same identifier (name{table.7}) has
 been already used, duplicate ignored
<argument> ...shipout:D \box_use:N \l_shipout_box 
                                                  \__shipout_drop_firstpage_...
l.905 \textbf{Componente 2 - Procedimento}
                                          :]
(tabelas_latex/tab_05_IC_95_Por_Ano_Detalhado.tex)
(tabelas_latex/tab_06_IC_95_Por_Mes_Detalhado.tex)
[23
pdfTeX warning (ext4): destination with the same identifier (name{table.8}) has
 been already used, duplicate ignored
<argument> ...shipout:D \box_use:N \l_shipout_box 
                                                  \__shipout_drop_firstpage_...
l.939 \begin{itemize}
                     ]
[24
pdfTeX warning (ext4): destination with the same identifier (name{table.9}) has
 been already used, duplicate ignored
<argument> ...shipout:D \box_use:N \l_shipout_box 
                                                  \__shipout_drop_firstpage_...
l.975 
      ] (tabelas_latex/tab_07_ANOVA_Efeitos_Principais_Interacao.tex)
(tabelas_latex/tab_08_ANOVA_Qualidade_Modelo.tex)
[25
pdfTeX warning (ext4): destination with the same identifier (name{table.10}) ha
s been already used, duplicate ignored
<argument> ...shipout:D \box_use:N \l_shipout_box 
                                                  \__shipout_drop_firstpage_...
l.1009     \item D
                  esvio padrão = 31,490 (muito elevado, confirma alta varia...

pdfTeX warning (ext4): destination with the same identifier (name{table.11}) ha
s been already used, duplicate ignored
<argument> ...shipout:D \box_use:N \l_shipout_box 
                                                  \__shipout_drop_firstpage_...
l.1009     \item D
                  esvio padrão = 31,490 (muito elevado, confirma alta varia...
] (tabelas_latex/tab_09_Conclusoes_Finais_Interpretacao.tex)
[26
pdfTeX warning (ext4): destination with the same identifier (name{table.12}) ha
s been already used, duplicate ignored
<argument> ...shipout:D \box_use:N \l_shipout_box 
                                                  \__shipout_drop_firstpage_...
l.1044 
       ]
[27]
[28]
[29]
[30]
No file relatorio.bbl.

[31] (relatorio.aux)

LaTeX Warning: There were undefined references.


LaTeX Warning: Label(s) may have changed. Rerun to get cross-references right.

 )
(see the transcript file for additional information)<C:/Users/leona/AppData/Loc
al/Programs/MiKTeX/fonts/type1/public/amsfonts/cm/cmex10.pfb><C:/Users/leona/Ap
pData/Local/Programs/MiKTeX/fonts/type1/public/amsfonts/cmextra/cmex8.pfb><C:/U
sers/leona/AppData/Local/Programs/MiKTeX/fonts/type1/public/amsfonts/cm/cmmi12.
pfb><C:/Users/leona/AppData/Local/Programs/MiKTeX/fonts/type1/public/amsfonts/c
m/cmmi6.pfb><C:/Users/leona/AppData/Local/Programs/MiKTeX/fonts/type1/public/am
sfonts/cm/cmmi8.pfb><C:/Users/leona/AppData/Local/Programs/MiKTeX/fonts/type1/p
ublic/amsfonts/cm/cmr12.pfb><C:/Users/leona/AppData/Local/Programs/MiKTeX/fonts
/type1/public/amsfonts/cm/cmr6.pfb><C:/Users/leona/AppData/Local/Programs/MiKTe
X/fonts/type1/public/amsfonts/cm/cmr8.pfb><C:/Users/leona/AppData/Local/Program
s/MiKTeX/fonts/type1/public/amsfonts/cm/cmsy10.pfb><C:/Users/leona/AppData/Loca
l/Programs/MiKTeX/fonts/type1/public/amsfonts/cm/cmsy6.pfb><C:/Users/leona/AppD
ata/Local/Programs/MiKTeX/fonts/type1/public/amsfonts/cm/cmsy8.pfb><C:/Users/le
ona/AppData/Local/Programs/MiKTeX/fonts/type1/urw/times/utmb8a.pfb><C:/Users/le
ona/AppData/Local/Programs/MiKTeX/fonts/type1/urw/times/utmr8a.pfb><C:/Users/le
ona/AppData/Local/Programs/MiKTeX/fonts/type1/urw/times/utmri8a.pfb>
Output written on relatorio.pdf (32 pages, 312997 bytes).
Transcript written on relatorio.log.
